<?xml version="1.0" encoding="UTF-8"?>
<testsuite name="Select a result" tests="2" skipped="0" failures="1" errors="0" timestamp="2019-04-12T13:44:31" hostname="LAPTOP-LAFQ684S" time="62.419">
  <properties/>
  <testcase name="Select a result" classname="Select a result" time="32.238"/>
  <testcase name="Select a result" classname="Select a result" time="30.177">
    <failure message="java.lang.AssertionError: El elemento seleccionado no coincide con la busqueda realizada - &#10;Expected: is &lt;true&gt;&#10;     but: was &lt;false&gt;" type="java.lang.AssertionError">java.lang.AssertionError: El elemento seleccionado no coincide con la busqueda realizada - 
Expected: is &lt;true&gt;
     but: was &lt;false&gt;
	at net.serenitybdd.screenplay.ErrorTally.throwSummaryExceptionFrom(ErrorTally.java:36)
	at net.serenitybdd.screenplay.ErrorTally.reportAnyErrors(ErrorTally.java:30)
	at net.serenitybdd.screenplay.Actor.should(Actor.java:291)
	at co.com.fincaraiz.qa.screenplayfincaraiz.stepdefinitions.SelectResultItemStepDefinitions.heChecksTheResultMatchesWithTheSearch(SelectResultItemStepDefinitions.java:53)
	at ✽.He checks the result matches with the search(src/test/resources/features/SelectResultItem.feature:17)
</failure>
  </testcase>
  <system-out><![CDATA[Connection Successful



































































Connection Successful

































































]]></system-out>
  <system-err><![CDATA[abr 12, 2019 8:44:32 AM org.openqa.selenium.remote.DesiredCapabilities chrome
INFORMACIÓN: Using `new ChromeOptions()` is preferred to `DesiredCapabilities.chrome()`
abr 12, 2019 8:44:33 AM org.openqa.selenium.remote.ProtocolHandshake createSession
INFORMACIÓN: Detected dialect: OSS
abr 12, 2019 8:45:04 AM org.openqa.selenium.remote.DesiredCapabilities chrome
INFORMACIÓN: Using `new ChromeOptions()` is preferred to `DesiredCapabilities.chrome()`
abr 12, 2019 8:45:06 AM org.openqa.selenium.remote.ProtocolHandshake createSession
INFORMACIÓN: Detected dialect: OSS
]]></system-err>
</testsuite>
